[2026-06-06 18:42:59] Incoming data: Array
(
    [firstName] => Sakshi Dhawale
    [email] => sakshi.dhawale5004@gmail.com
    [company] => student
    [phone] => +918010140701
    [email_to] => admin@gulftp.com
)

[2026-06-06 18:43:01] Incoming data: Array
(
    [firstName] => Sakshi Dhawale
    [email] => sakshi.dhawale5004@gmail.com
    [company] => student
    [phone] => +918010140701
    [email_to] => admin@gulftp.com
)

[2026-06-06 18:48:25] Incoming data: Array
(
    [firstName] => Sakshi Dhawale
    [email] => sakshi.dhawale5004@gmail.com
    [company] => student
    [phone] => +918010140701
    [email_to] => admin@gulftp.com
)

[2026-06-06 18:51:22] Incoming data: Array
(
    [firstName] => Sakshi Dhawale
    [email] => sakshi.dhawale5004@gmail.com
    [company] => student
    [phone] => +918010140701
    [email_to] => admin@gulftp.com
)

[2026-06-06 18:51:24] Incoming data: Array
(
    [firstName] => Sakshi Dhawale
    [email] => sakshi.dhawale5004@gmail.com
    [company] => student
    [phone] => +918010140701
    [email_to] => admin@gulftp.com
)

